Arguments: 
  /usr/local/Cellar/node/11.0.0/bin/node /usr/local/Cellar/yarn/1.12.1/libexec/bin/yarn.js add apllo-server graphql

PATH: 
  /Library/Frameworks/Python.framework/Versions/3.6/bin:/usr/local/bin:/usr/bin:/bin:/usr/sbin:/sbin:/Library/Frameworks/Python.framework/Versions/3.6/bin

Yarn version: 
  1.12.1

Node version: 
  10.16.3

Platform: 
  darwin x64

Trace: 
  Error: https://registry.yarnpkg.com/apllo-server: Not found
      at Request.params.callback [as _callback] (/usr/local/Cellar/yarn/1.12.1/libexec/lib/cli.js:63139:18)
      at Request.self.callback (/usr/local/Cellar/yarn/1.12.1/libexec/lib/cli.js:124547:22)
      at Request.emit (events.js:198:13)
      at Request.<anonymous> (/usr/local/Cellar/yarn/1.12.1/libexec/lib/cli.js:125519:10)
      at Request.emit (events.js:198:13)
      at IncomingMessage.<anonymous> (/usr/local/Cellar/yarn/1.12.1/libexec/lib/cli.js:125441:12)
      at Object.onceWrapper (events.js:286:20)
      at IncomingMessage.emit (events.js:203:15)
      at endReadableNT (_stream_readable.js:1145:12)
      at process._tickCallback (internal/process/next_tick.js:63:19)

npm manifest: 
  {
    "name": "graphql-hello-world",
    "version": "1.0.0",
    "main": "index.js",
    "license": "MIT"
  }

yarn manifest: 
  No manifest

Lockfile: 
  No lockfile
